<?xml version="1.0" encoding="UTF-8" ?>
<testsuite tests="8" failures="0" name="com.house.holiday.domain.control.HolidayHouseServiceTest" time="0.101" errors="0" skipped="0">
  <properties>
[...]
</properties>
  <testcase classname="com.house.holiday.domain.control.HolidayHouseServiceTest" name="shouldReturnCollidingReservationResponse" time="0.057"/>
  <testcase classname="com.house.holiday.domain.control.HolidayHouseServiceTest" name="shouldReturnLeaveDateBeforeArrivalDateReservationResponse" time="0"/>
  <testcase classname="com.house.holiday.domain.control.HolidayHouseServiceTest" name="shouldReturnCouldNotCancelReservationResponse" time="0.003"/>
  <testcase classname="com.house.holiday.domain.control.HolidayHouseServiceTest" name="shouldReturnCorrectCancelReservationResponse" time="0.001"/>
  <testcase classname="com.house.holiday.domain.control.HolidayHouseServiceTest" name="shouldReturnRoomDoesntExistReservationResponse" time="0.002"/>
  <testcase classname="com.house.holiday.domain.control.HolidayHouseServiceTest" name="shouldReturnCorrectAvailableRoomResponse" time="0.035"/>
  <testcase classname="com.house.holiday.domain.control.HolidayHouseServiceTest" name="shouldReturnCorrectMadeReservationResponse" time="0.001"/>
  <testcase classname="com.house.holiday.domain.control.HolidayHouseServiceTest" name="shouldReturnParseDateErrorRoomResponse" time="0.002"/>
</testsuite>